<?xml version="1.0" encoding="UTF-8"?>
<testsuite xmlns:xsi="http://www.w3.org/2001/XMLSchema-instance" xsi:noNamespaceSchemaLocation="https://maven.apache.org/surefire/maven-surefire-plugin/xsd/surefire-test-report-3.0.xsd" version="3.0" name="APITest" time="3.447" tests="2" errors="0" skipped="0" failures="0">
  <properties>
[...]
</properties>
  <testcase name="test1" classname="APITest" time="2.595">
    <system-out><![CDATA[Status code is -200
Response -{"page":2,"per_page":6,"total":12,"total_pages":2,"data":[{"id":7,"email":"michael.lawson@reqres.in","first_name":"Michael","last_name":"Lawson","avatar":"https://reqres.in/img/faces/7-image.jpg"},{"id":8,"email":"lindsay.ferguson@reqres.in","first_name":"Lindsay","last_name":"Ferguson","avatar":"https://reqres.in/img/faces/8-image.jpg"},{"id":9,"email":"tobias.funke@reqres.in","first_name":"Tobias","last_name":"Funke","avatar":"https://reqres.in/img/faces/9-image.jpg"},{"id":10,"email":"byron.fields@reqres.in","first_name":"Byron","last_name":"Fields","avatar":"https://reqres.in/img/faces/10-image.jpg"},{"id":11,"email":"george.edwards@reqres.in","first_name":"George","last_name":"Edwards","avatar":"https://reqres.in/img/faces/11-image.jpg"},{"id":12,"email":"rachel.howell@reqres.in","first_name":"Rachel","last_name":"Howell","avatar":"https://reqres.in/img/faces/12-image.jpg"}],"support":{"url":"https://contentcaddy.io?utm_source=reqres&utm_medium=json&utm_campaign=referral","text":"Tired of writing endless social media content? Let Content Caddy generate it for you."}}
Response as body -io.restassured.internal.RestAssuredResponseImpl@5fe8b721
Headers -Date=Sat, 28 Dec 2024 22:27:49 GMT
Content-Type=application/json; charset=utf-8
Transfer-Encoding=chunked
Connection=keep-alive
Report-To={"group":"heroku-nel","max_age":3600,"endpoints":[{"url":"https://nel.heroku.com/reports?ts=1735421853&sid=c4c9725f-1ab0-44d8-820f-430df2718e11&s=mTRr%2Blc8Y0jci7L%2Ft4fStQCiVE7jO8c2PNdE145cG8A%3D"}]}
Reporting-Endpoints=heroku-nel=https://nel.heroku.com/reports?ts=1735421853&sid=c4c9725f-1ab0-44d8-820f-430df2718e11&s=mTRr%2Blc8Y0jci7L%2Ft4fStQCiVE7jO8c2PNdE145cG8A%3D
Nel={"report_to":"heroku-nel","max_age":3600,"success_fraction":0.005,"failure_fraction":0.05,"response_headers":["Via"]}
X-Powered-By=Express
Access-Control-Allow-Origin=*
Etag=W/"440-ZjsmMKR8P3usr2uJZbOCGCxC3Uw"
Via=1.1 vegur
Cache-Control=max-age=14400
CF-Cache-Status=HIT
Age=3016
Vary=Accept-Encoding
Server=cloudflare
CF-RAY=8f94fadc28b6850d-BOM
Content-Encoding=gzip
server-timing=cfL4;desc="?proto=TCP&rtt=14990&min_rtt=11833&rtt_var=9273&sent=6&recv=8&lost=0&retrans=0&sent_bytes=2834&recv_bytes=610&delivery_rate=162098&cwnd=249&unsent_bytes=0&cid=fd5e9a1eb760f815&ts=229&x=0"
Headers end here...
]]></system-out>
  </testcase>
  <testcase name="test2" classname="APITest" time="0.439"/>
</testsuite>