<?xml version="1.0" encoding="UTF-8"?>
<testng-results skipped="0" failed="0" ignored="0" total="2" passed="2">
  <reporter-output>
  </reporter-output>
  <suite name="Default Suite" duration-ms="3062" started-at="2025-01-03T01:15:43 IST" finished-at="2025-01-03T01:15:46 IST">
    <groups>
    </groups>
    <test name="RestAssuredProject1" duration-ms="3062" started-at="2025-01-03T01:15:43 IST" finished-at="2025-01-03T01:15:46 IST">
      <class name="APITest">
        <test-method status="PASS" signature="test1()[pri:0, instance:APITest@61832929]" name="test1" duration-ms="2771" started-at="2025-01-03T01:15:43 IST" finished-at="2025-01-03T01:15:46 IST">
          <reporter-output>
          </reporter-output>
        </test-method> <!-- test1 -->
        <test-method status="PASS" signature="test2()[pri:0, instance:APITest@61832929]" name="test2" duration-ms="242" started-at="2025-01-03T01:15:46 IST" finished-at="2025-01-03T01:15:46 IST">
          <reporter-output>
          </reporter-output>
        </test-method> <!-- test2 -->
      </class> <!-- APITest -->
    </test> <!-- RestAssuredProject1 -->
  </suite> <!-- Default Suite -->
</testng-results>
